This file contains any messages produced by compilers while
running configure, to aid debugging if configure makes a mistake.

It was created by sthttpd configure 2.26.4, which was
generated by GNU Autoconf 2.68.  Invocation command line was

  $ ./configure 

## --------- ##
## Platform. ##
## --------- ##

hostname = lnxsrv04.seas.ucla.edu
uname -m = x86_64
uname -r = 2.6.32-431.20.3.el6.x86_64
uname -s = Linux
uname -v = #1 SMP Fri Jun 6 18:30:54 EDT 2014

/usr/bin/uname -p = unknown
/bin/uname -X     = unknown

/bin/arch              = x86_64
/usr/bin/arch -k       = unknown
/usr/convex/getsysinfo = unknown
/usr/bin/hostinfo      = unknown
/bin/machine           = unknown
/usr/bin/oslevel       = unknown
/bin/universe          = unknown

PATH: /usr/local/cs/bin
PATH: /usr/lib64/qt-3.3/bin
PATH: /usr/local/bin
PATH: /bin
PATH: /usr/bin
PATH: /usr/X11R6/bin
PATH: /u/cs/ugrad/mckenna/bin


## ----------- ##
## Core tests. ##
## ----------- ##

configure:2299: checking for a BSD-compatible install
configure:2367: result: /usr/local/cs/bin/install -c
configure:2378: checking whether build environment is sane
configure:2428: result: yes
configure:2569: checking for a thread-safe mkdir -p
configure:2608: result: /usr/local/cs/bin/mkdir -p
configure:2621: checking for gawk
configure:2637: found /bin/gawk
configure:2648: result: gawk
configure:2659: checking whether make sets $(MAKE)
configure:2681: result: yes
configure:2811: checking for gcc
configure:2827: found /usr/local/cs/bin/gcc
configure:2838: result: gcc
configure:3067: checking for C compiler version
configure:3076: gcc --version >&5
gcc (GCC) 4.9.2
Copyright (C) 2014 Free Software Foundation, Inc.
This is free software; see the source for copying conditions.  There is NO
warranty; not even for MERCHANTABILITY or FITNESS FOR A PARTICULAR PURPOSE.

configure:3087: $? = 0
configure:3076: gcc -v >&5
Using built-in specs.
COLLECT_GCC=gcc
COLLECT_LTO_WRAPPER=/usr/local/cs/gcc-4.9.2/libexec/gcc/x86_64-unknown-linux-gnu/4.9.2/lto-wrapper
Target: x86_64-unknown-linux-gnu
Configured with: ../gcc-4.9.2/configure --prefix=/usr/local/cs/gcc-4.9.2 --with-gmp-include=/usr/local/cs/include --disable-nls --with-stage1-ldflags='-L/usr/local/cs/lib64 -Xlinker -rpath=/usr/local/cs/lib64' --with-boot-ldflags='-L/usr/local/cs/lib64 -Xlinker -rpath=/usr/local/cs/lib64' --enable-languages=c,c++,objc LDFLAGS='-L/usr/local/cs/lib64 -Xlinker -rpath=/usr/local/cs/lib64'
Thread model: posix
gcc version 4.9.2 (GCC) 
configure:3087: $? = 0
configure:3076: gcc -V >&5
gcc: error: unrecognized command line option '-V'
gcc: fatal error: no input files
compilation terminated.
configure:3087: $? = 1
configure:3076: gcc -qversion >&5
gcc: error: unrecognized command line option '-qversion'
gcc: fatal error: no input files
compilation terminated.
configure:3087: $? = 1
configure:3107: checking whether the C compiler works
configure:3129: gcc    conftest.c  >&5
configure:3133: $? = 0
configure:3181: result: yes
configure:3184: checking for C compiler default output file name
configure:3186: result: a.out
configure:3192: checking for suffix of executables
configure:3199: gcc -o conftest    conftest.c  >&5
configure:3203: $? = 0
configure:3225: result: 
configure:3247: checking whether we are cross compiling
configure:3255: gcc -o conftest    conftest.c  >&5
configure:3259: $? = 0
configure:3266: ./conftest
configure:3270: $? = 0
configure:3285: result: no
configure:3290: checking for suffix of object files
configure:3312: gcc -c   conftest.c >&5
configure:3316: $? = 0
configure:3337: result: o
configure:3341: checking whether we are using the GNU C compiler
configure:3360: gcc -c   conftest.c >&5
configure:3360: $? = 0
configure:3369: result: yes
configure:3378: checking whether gcc accepts -g
configure:3398: gcc -c -g  conftest.c >&5
configure:3398: $? = 0
configure:3439: result: yes
configure:3456: checking for gcc option to accept ISO C89
configure:3520: gcc  -c -g -O2  conftest.c >&5
configure:3520: $? = 0
configure:3533: result: none needed
configure:3564: checking for style of include used by make
configure:3592: result: GNU
configure:3617: checking dependency style of gcc
configure:3727: result: gcc3
configure:3746: checking for crypt in -lcrypt
configure:3771: gcc -o conftest -g -O2   conftest.c -lcrypt   >&5
configure:3771: $? = 0
configure:3780: result: yes
configure:3791: checking for clock_gettime in -lrt
configure:3816: gcc -o conftest -g -O2   conftest.c -lrt  -lcrypt  >&5
configure:3816: $? = 0
configure:3825: result: yes
configure:3836: checking for resolv in -lhstrerror
configure:3861: gcc -o conftest -g -O2   conftest.c -lhstrerror  -lrt -lcrypt  >&5
/usr/bin/ld: cannot find -lhstrerror
collect2: error: ld returned 1 exit status
configure:3861: $? = 1
configure: failed program was:
| /* confdefs.h */
| #define PACKAGE_NAME "sthttpd"
| #define PACKAGE_TARNAME "sthttpd"
| #define PACKAGE_VERSION "2.26.4"
| #define PACKAGE_STRING "sthttpd 2.26.4"
| #define PACKAGE_BUGREPORT "http://opensource.dyc.edu/bugzilla3"
| #define PACKAGE_URL ""
| #define PACKAGE "sthttpd"
| #define VERSION "2.26.4"
| #define HAVE_LIBCRYPT 1
| #define HAVE_LIBRT 1
| /* end confdefs.h.  */
| 
| /* Override any GCC internal prototype to avoid an error.
|    Use char because int might match the return type of a GCC
|    builtin and then its argument prototype would still apply.  */
| #ifdef __cplusplus
| extern "C"
| #endif
| char resolv ();
| int
| main ()
| {
| return resolv ();
|   ;
|   return 0;
| }
configure:3870: result: no
configure:3888: checking how to run the C preprocessor
configure:3919: gcc -E  conftest.c
configure:3919: $? = 0
configure:3933: gcc -E  conftest.c
conftest.c:13:28: fatal error: ac_nonexistent.h: No such file or directory
 #include <ac_nonexistent.h>
                            ^
compilation terminated.
configure:3933: $? = 1
configure: failed program was:
| /* confdefs.h */
| #define PACKAGE_NAME "sthttpd"
| #define PACKAGE_TARNAME "sthttpd"
| #define PACKAGE_VERSION "2.26.4"
| #define PACKAGE_STRING "sthttpd 2.26.4"
| #define PACKAGE_BUGREPORT "http://opensource.dyc.edu/bugzilla3"
| #define PACKAGE_URL ""
| #define PACKAGE "sthttpd"
| #define VERSION "2.26.4"
| #define HAVE_LIBCRYPT 1
| #define HAVE_LIBRT 1
| /* end confdefs.h.  */
| #include <ac_nonexistent.h>
configure:3958: result: gcc -E
configure:3978: gcc -E  conftest.c
configure:3978: $? = 0
configure:3992: gcc -E  conftest.c
conftest.c:13:28: fatal error: ac_nonexistent.h: No such file or directory
 #include <ac_nonexistent.h>
                            ^
compilation terminated.
configure:3992: $? = 1
configure: failed program was:
| /* confdefs.h */
| #define PACKAGE_NAME "sthttpd"
| #define PACKAGE_TARNAME "sthttpd"
| #define PACKAGE_VERSION "2.26.4"
| #define PACKAGE_STRING "sthttpd 2.26.4"
| #define PACKAGE_BUGREPORT "http://opensource.dyc.edu/bugzilla3"
| #define PACKAGE_URL ""
| #define PACKAGE "sthttpd"
| #define VERSION "2.26.4"
| #define HAVE_LIBCRYPT 1
| #define HAVE_LIBRT 1
| /* end confdefs.h.  */
| #include <ac_nonexistent.h>
configure:4021: checking for grep that handles long lines and -e
configure:4079: result: /usr/local/cs/bin/grep
configure:4084: checking for egrep
configure:4146: result: /usr/local/cs/bin/grep -E
configure:4151: checking for ANSI C header files
configure:4171: gcc -c -g -O2  conftest.c >&5
configure:4171: $? = 0
configure:4244: gcc -o conftest -g -O2   conftest.c -lrt -lcrypt  >&5
configure:4244: $? = 0
configure:4244: ./conftest
configure:4244: $? = 0
configure:4255: result: yes
configure:4268: checking for sys/types.h
configure:4268: gcc -c -g -O2  conftest.c >&5
configure:4268: $? = 0
configure:4268: result: yes
configure:4268: checking for sys/stat.h
configure:4268: gcc -c -g -O2  conftest.c >&5
configure:4268: $? = 0
configure:4268: result: yes
configure:4268: checking for stdlib.h
configure:4268: gcc -c -g -O2  conftest.c >&5
configure:4268: $? = 0
configure:4268: result: yes
configure:4268: checking for string.h
configure:4268: gcc -c -g -O2  conftest.c >&5
configure:4268: $? = 0
configure:4268: result: yes
configure:4268: checking for memory.h
configure:4268: gcc -c -g -O2  conftest.c >&5
configure:4268: $? = 0
configure:4268: result: yes
configure:4268: checking for strings.h
configure:4268: gcc -c -g -O2  conftest.c >&5
configure:4268: $? = 0
configure:4268: result: yes
configure:4268: checking for inttypes.h
configure:4268: gcc -c -g -O2  conftest.c >&5
configure:4268: $? = 0
configure:4268: result: yes
configure:4268: checking for stdint.h
configure:4268: gcc -c -g -O2  conftest.c >&5
configure:4268: $? = 0
configure:4268: result: yes
configure:4268: checking for unistd.h
configure:4268: gcc -c -g -O2  conftest.c >&5
configure:4268: $? = 0
configure:4268: result: yes
configure:4283: checking arpa/inet.h usability
configure:4283: gcc -c -g -O2  conftest.c >&5
configure:4283: $? = 0
configure:4283: result: yes
configure:4283: checking arpa/inet.h presence
configure:4283: gcc -E  conftest.c
configure:4283: $? = 0
configure:4283: result: yes
configure:4283: checking for arpa/inet.h
configure:4283: result: yes
configure:4283: checking fcntl.h usability
configure:4283: gcc -c -g -O2  conftest.c >&5
configure:4283: $? = 0
configure:4283: result: yes
configure:4283: checking fcntl.h presence
configure:4283: gcc -E  conftest.c
configure:4283: $? = 0
configure:4283: result: yes
configure:4283: checking for fcntl.h
configure:4283: result: yes
configure:4283: checking grp.h usability
configure:4283: gcc -c -g -O2  conftest.c >&5
configure:4283: $? = 0
configure:4283: result: yes
configure:4283: checking grp.h presence
configure:4283: gcc -E  conftest.c
configure:4283: $? = 0
configure:4283: result: yes
configure:4283: checking for grp.h
configure:4283: result: yes
configure:4283: checking for memory.h
configure:4283: result: yes
configure:4283: checking netdb.h usability
configure:4283: gcc -c -g -O2  conftest.c >&5
configure:4283: $? = 0
configure:4283: result: yes
configure:4283: checking netdb.h presence
configure:4283: gcc -E  conftest.c
configure:4283: $? = 0
configure:4283: result: yes
configure:4283: checking for netdb.h
configure:4283: result: yes
configure:4283: checking netinet/in.h usability
configure:4283: gcc -c -g -O2  conftest.c >&5
configure:4283: $? = 0
configure:4283: result: yes
configure:4283: checking netinet/in.h presence
configure:4283: gcc -E  conftest.c
configure:4283: $? = 0
configure:4283: result: yes
configure:4283: checking for netinet/in.h
configure:4283: result: yes
configure:4283: checking osreldate.h usability
configure:4283: gcc -c -g -O2  conftest.c >&5
conftest.c:62:23: fatal error: osreldate.h: No such file or directory
 #include <osreldate.h>
                       ^
compilation terminated.
configure:4283: $? = 1
configure: failed program was:
| /* confdefs.h */
| #define PACKAGE_NAME "sthttpd"
| #define PACKAGE_TARNAME "sthttpd"
| #define PACKAGE_VERSION "2.26.4"
| #define PACKAGE_STRING "sthttpd 2.26.4"
| #define PACKAGE_BUGREPORT "http://opensource.dyc.edu/bugzilla3"
| #define PACKAGE_URL ""
| #define PACKAGE "sthttpd"
| #define VERSION "2.26.4"
| #define HAVE_LIBCRYPT 1
| #define HAVE_LIBRT 1
| #define STDC_HEADERS 1
| #define HAVE_SYS_TYPES_H 1
| #define HAVE_SYS_STAT_H 1
| #define HAVE_STDLIB_H 1
| #define HAVE_STRING_H 1
| #define HAVE_MEMORY_H 1
| #define HAVE_STRINGS_H 1
| #define HAVE_INTTYPES_H 1
| #define HAVE_STDINT_H 1
| #define HAVE_UNISTD_H 1
| #define HAVE_ARPA_INET_H 1
| #define HAVE_FCNTL_H 1
| #define HAVE_GRP_H 1
| #define HAVE_MEMORY_H 1
| #define HAVE_NETDB_H 1
| #define HAVE_NETINET_IN_H 1
| /* end confdefs.h.  */
| #include <stdio.h>
| #ifdef HAVE_SYS_TYPES_H
| # include <sys/types.h>
| #endif
| #ifdef HAVE_SYS_STAT_H
| # include <sys/stat.h>
| #endif
| #ifdef STDC_HEADERS
| # include <stdlib.h>
| # include <stddef.h>
| #else
| # ifdef HAVE_STDLIB_H
| #  include <stdlib.h>
| # endif
| #endif
| #ifdef HAVE_STRING_H
| # if !defined STDC_HEADERS && defined HAVE_MEMORY_H
| #  include <memory.h>
| # endif
| # include <string.h>
| #endif
| #ifdef HAVE_STRINGS_H
| # include <strings.h>
| #endif
| #ifdef HAVE_INTTYPES_H
| # include <inttypes.h>
| #endif
| #ifdef HAVE_STDINT_H
| # include <stdint.h>
| #endif
| #ifdef HAVE_UNISTD_H
| # include <unistd.h>
| #endif
| #include <osreldate.h>
configure:4283: result: no
configure:4283: checking osreldate.h presence
configure:4283: gcc -E  conftest.c
conftest.c:29:23: fatal error: osreldate.h: No such file or directory
 #include <osreldate.h>
                       ^
compilation terminated.
configure:4283: $? = 1
configure: failed program was:
| /* confdefs.h */
| #define PACKAGE_NAME "sthttpd"
| #define PACKAGE_TARNAME "sthttpd"
| #define PACKAGE_VERSION "2.26.4"
| #define PACKAGE_STRING "sthttpd 2.26.4"
| #define PACKAGE_BUGREPORT "http://opensource.dyc.edu/bugzilla3"
| #define PACKAGE_URL ""
| #define PACKAGE "sthttpd"
| #define VERSION "2.26.4"
| #define HAVE_LIBCRYPT 1
| #define HAVE_LIBRT 1
| #define STDC_HEADERS 1
| #define HAVE_SYS_TYPES_H 1
| #define HAVE_SYS_STAT_H 1
| #define HAVE_STDLIB_H 1
| #define HAVE_STRING_H 1
| #define HAVE_MEMORY_H 1
| #define HAVE_STRINGS_H 1
| #define HAVE_INTTYPES_H 1
| #define HAVE_STDINT_H 1
| #define HAVE_UNISTD_H 1
| #define HAVE_ARPA_INET_H 1
| #define HAVE_FCNTL_H 1
| #define HAVE_GRP_H 1
| #define HAVE_MEMORY_H 1
| #define HAVE_NETDB_H 1
| #define HAVE_NETINET_IN_H 1
| /* end confdefs.h.  */
| #include <osreldate.h>
configure:4283: result: no
configure:4283: checking for osreldate.h
configure:4283: result: no
configure:4283: checking paths.h usability
configure:4283: gcc -c -g -O2  conftest.c >&5
configure:4283: $? = 0
configure:4283: result: yes
configure:4283: checking paths.h presence
configure:4283: gcc -E  conftest.c
configure:4283: $? = 0
configure:4283: result: yes
configure:4283: checking for paths.h
configure:4283: result: yes
configure:4283: checking poll.h usability
configure:4283: gcc -c -g -O2  conftest.c >&5
configure:4283: $? = 0
configure:4283: result: yes
configure:4283: checking poll.h presence
configure:4283: gcc -E  conftest.c
configure:4283: $? = 0
configure:4283: result: yes
configure:4283: checking for poll.h
configure:4283: result: yes
configure:4283: checking for stdlib.h
configure:4283: result: yes
configure:4283: checking for string.h
configure:4283: result: yes
configure:4283: checking sys/devpoll.h usability
configure:4283: gcc -c -g -O2  conftest.c >&5
conftest.c:66:25: fatal error: sys/devpoll.h: No such file or directory
 #include <sys/devpoll.h>
                         ^
compilation terminated.
configure:4283: $? = 1
configure: failed program was:
| /* confdefs.h */
| #define PACKAGE_NAME "sthttpd"
| #define PACKAGE_TARNAME "sthttpd"
| #define PACKAGE_VERSION "2.26.4"
| #define PACKAGE_STRING "sthttpd 2.26.4"
| #define PACKAGE_BUGREPORT "http://opensource.dyc.edu/bugzilla3"
| #define PACKAGE_URL ""
| #define PACKAGE "sthttpd"
| #define VERSION "2.26.4"
| #define HAVE_LIBCRYPT 1
| #define HAVE_LIBRT 1
| #define STDC_HEADERS 1
| #define HAVE_SYS_TYPES_H 1
| #define HAVE_SYS_STAT_H 1
| #define HAVE_STDLIB_H 1
| #define HAVE_STRING_H 1
| #define HAVE_MEMORY_H 1
| #define HAVE_STRINGS_H 1
| #define HAVE_INTTYPES_H 1
| #define HAVE_STDINT_H 1
| #define HAVE_UNISTD_H 1
| #define HAVE_ARPA_INET_H 1
| #define HAVE_FCNTL_H 1
| #define HAVE_GRP_H 1
| #define HAVE_MEMORY_H 1
| #define HAVE_NETDB_H 1
| #define HAVE_NETINET_IN_H 1
| #define HAVE_PATHS_H 1
| #define HAVE_POLL_H 1
| #define HAVE_STDLIB_H 1
| #define HAVE_STRING_H 1
| /* end confdefs.h.  */
| #include <stdio.h>
| #ifdef HAVE_SYS_TYPES_H
| # include <sys/types.h>
| #endif
| #ifdef HAVE_SYS_STAT_H
| # include <sys/stat.h>
| #endif
| #ifdef STDC_HEADERS
| # include <stdlib.h>
| # include <stddef.h>
| #else
| # ifdef HAVE_STDLIB_H
| #  include <stdlib.h>
| # endif
| #endif
| #ifdef HAVE_STRING_H
| # if !defined STDC_HEADERS && defined HAVE_MEMORY_H
| #  include <memory.h>
| # endif
| # include <string.h>
| #endif
| #ifdef HAVE_STRINGS_H
| # include <strings.h>
| #endif
| #ifdef HAVE_INTTYPES_H
| # include <inttypes.h>
| #endif
| #ifdef HAVE_STDINT_H
| # include <stdint.h>
| #endif
| #ifdef HAVE_UNISTD_H
| # include <unistd.h>
| #endif
| #include <sys/devpoll.h>
configure:4283: result: no
configure:4283: checking sys/devpoll.h presence
configure:4283: gcc -E  conftest.c
conftest.c:33:25: fatal error: sys/devpoll.h: No such file or directory
 #include <sys/devpoll.h>
                         ^
compilation terminated.
configure:4283: $? = 1
configure: failed program was:
| /* confdefs.h */
| #define PACKAGE_NAME "sthttpd"
| #define PACKAGE_TARNAME "sthttpd"
| #define PACKAGE_VERSION "2.26.4"
| #define PACKAGE_STRING "sthttpd 2.26.4"
| #define PACKAGE_BUGREPORT "http://opensource.dyc.edu/bugzilla3"
| #define PACKAGE_URL ""
| #define PACKAGE "sthttpd"
| #define VERSION "2.26.4"
| #define HAVE_LIBCRYPT 1
| #define HAVE_LIBRT 1
| #define STDC_HEADERS 1
| #define HAVE_SYS_TYPES_H 1
| #define HAVE_SYS_STAT_H 1
| #define HAVE_STDLIB_H 1
| #define HAVE_STRING_H 1
| #define HAVE_MEMORY_H 1
| #define HAVE_STRINGS_H 1
| #define HAVE_INTTYPES_H 1
| #define HAVE_STDINT_H 1
| #define HAVE_UNISTD_H 1
| #define HAVE_ARPA_INET_H 1
| #define HAVE_FCNTL_H 1
| #define HAVE_GRP_H 1
| #define HAVE_MEMORY_H 1
| #define HAVE_NETDB_H 1
| #define HAVE_NETINET_IN_H 1
| #define HAVE_PATHS_H 1
| #define HAVE_POLL_H 1
| #define HAVE_STDLIB_H 1
| #define HAVE_STRING_H 1
| /* end confdefs.h.  */
| #include <sys/devpoll.h>
configure:4283: result: no
configure:4283: checking for sys/devpoll.h
configure:4283: result: no
configure:4283: checking sys/event.h usability
configure:4283: gcc -c -g -O2  conftest.c >&5
conftest.c:66:23: fatal error: sys/event.h: No such file or directory
 #include <sys/event.h>
                       ^
compilation terminated.
configure:4283: $? = 1
configure: failed program was:
| /* confdefs.h */
| #define PACKAGE_NAME "sthttpd"
| #define PACKAGE_TARNAME "sthttpd"
| #define PACKAGE_VERSION "2.26.4"
| #define PACKAGE_STRING "sthttpd 2.26.4"
| #define PACKAGE_BUGREPORT "http://opensource.dyc.edu/bugzilla3"
| #define PACKAGE_URL ""
| #define PACKAGE "sthttpd"
| #define VERSION "2.26.4"
| #define HAVE_LIBCRYPT 1
| #define HAVE_LIBRT 1
| #define STDC_HEADERS 1
| #define HAVE_SYS_TYPES_H 1
| #define HAVE_SYS_STAT_H 1
| #define HAVE_STDLIB_H 1
| #define HAVE_STRING_H 1
| #define HAVE_MEMORY_H 1
| #define HAVE_STRINGS_H 1
| #define HAVE_INTTYPES_H 1
| #define HAVE_STDINT_H 1
| #define HAVE_UNISTD_H 1
| #define HAVE_ARPA_INET_H 1
| #define HAVE_FCNTL_H 1
| #define HAVE_GRP_H 1
| #define HAVE_MEMORY_H 1
| #define HAVE_NETDB_H 1
| #define HAVE_NETINET_IN_H 1
| #define HAVE_PATHS_H 1
| #define HAVE_POLL_H 1
| #define HAVE_STDLIB_H 1
| #define HAVE_STRING_H 1
| /* end confdefs.h.  */
| #include <stdio.h>
| #ifdef HAVE_SYS_TYPES_H
| # include <sys/types.h>
| #endif
| #ifdef HAVE_SYS_STAT_H
| # include <sys/stat.h>
| #endif
| #ifdef STDC_HEADERS
| # include <stdlib.h>
| # include <stddef.h>
| #else
| # ifdef HAVE_STDLIB_H
| #  include <stdlib.h>
| # endif
| #endif
| #ifdef HAVE_STRING_H
| # if !defined STDC_HEADERS && defined HAVE_MEMORY_H
| #  include <memory.h>
| # endif
| # include <string.h>
| #endif
| #ifdef HAVE_STRINGS_H
| # include <strings.h>
| #endif
| #ifdef HAVE_INTTYPES_H
| # include <inttypes.h>
| #endif
| #ifdef HAVE_STDINT_H
| # include <stdint.h>
| #endif
| #ifdef HAVE_UNISTD_H
| # include <unistd.h>
| #endif
| #include <sys/event.h>
configure:4283: result: no
configure:4283: checking sys/event.h presence
configure:4283: gcc -E  conftest.c
conftest.c:33:23: fatal error: sys/event.h: No such file or directory
 #include <sys/event.h>
                       ^
compilation terminated.
configure:4283: $? = 1
configure: failed program was:
| /* confdefs.h */
| #define PACKAGE_NAME "sthttpd"
| #define PACKAGE_TARNAME "sthttpd"
| #define PACKAGE_VERSION "2.26.4"
| #define PACKAGE_STRING "sthttpd 2.26.4"
| #define PACKAGE_BUGREPORT "http://opensource.dyc.edu/bugzilla3"
| #define PACKAGE_URL ""
| #define PACKAGE "sthttpd"
| #define VERSION "2.26.4"
| #define HAVE_LIBCRYPT 1
| #define HAVE_LIBRT 1
| #define STDC_HEADERS 1
| #define HAVE_SYS_TYPES_H 1
| #define HAVE_SYS_STAT_H 1
| #define HAVE_STDLIB_H 1
| #define HAVE_STRING_H 1
| #define HAVE_MEMORY_H 1
| #define HAVE_STRINGS_H 1
| #define HAVE_INTTYPES_H 1
| #define HAVE_STDINT_H 1
| #define HAVE_UNISTD_H 1
| #define HAVE_ARPA_INET_H 1
| #define HAVE_FCNTL_H 1
| #define HAVE_GRP_H 1
| #define HAVE_MEMORY_H 1
| #define HAVE_NETDB_H 1
| #define HAVE_NETINET_IN_H 1
| #define HAVE_PATHS_H 1
| #define HAVE_POLL_H 1
| #define HAVE_STDLIB_H 1
| #define HAVE_STRING_H 1
| /* end confdefs.h.  */
| #include <sys/event.h>
configure:4283: result: no
configure:4283: checking for sys/event.h
configure:4283: result: no
configure:4283: checking sys/param.h usability
configure:4283: gcc -c -g -O2  conftest.c >&5
configure:4283: $? = 0
configure:4283: result: yes
configure:4283: checking sys/param.h presence
configure:4283: gcc -E  conftest.c
configure:4283: $? = 0
configure:4283: result: yes
configure:4283: checking for sys/param.h
configure:4283: result: yes
configure:4283: checking sys/poll.h usability
configure:4283: gcc -c -g -O2  conftest.c >&5
configure:4283: $? = 0
configure:4283: result: yes
configure:4283: checking sys/poll.h presence
configure:4283: gcc -E  conftest.c
configure:4283: $? = 0
configure:4283: result: yes
configure:4283: checking for sys/poll.h
configure:4283: result: yes
configure:4283: checking sys/socket.h usability
configure:4283: gcc -c -g -O2  conftest.c >&5
configure:4283: $? = 0
configure:4283: result: yes
configure:4283: checking sys/socket.h presence
configure:4283: gcc -E  conftest.c
configure:4283: $? = 0
configure:4283: result: yes
configure:4283: checking for sys/socket.h
configure:4283: result: yes
configure:4283: checking sys/time.h usability
configure:4283: gcc -c -g -O2  conftest.c >&5
configure:4283: $? = 0
configure:4283: result: yes
configure:4283: checking sys/time.h presence
configure:4283: gcc -E  conftest.c
configure:4283: $? = 0
configure:4283: result: yes
configure:4283: checking for sys/time.h
configure:4283: result: yes
configure:4283: checking syslog.h usability
configure:4283: gcc -c -g -O2  conftest.c >&5
configure:4283: $? = 0
configure:4283: result: yes
configure:4283: checking syslog.h presence
configure:4283: gcc -E  conftest.c
configure:4283: $? = 0
configure:4283: result: yes
configure:4283: checking for syslog.h
configure:4283: result: yes
configure:4283: checking for unistd.h
configure:4283: result: yes
configure:4293: checking whether time.h and sys/time.h may both be included
configure:4313: gcc -c -g -O2  conftest.c >&5
configure:4313: $? = 0
configure:4320: result: yes
configure:4331: checking for dirent.h that defines DIR
configure:4350: gcc -c -g -O2  conftest.c >&5
configure:4350: $? = 0
configure:4358: result: yes
configure:4371: checking for library containing opendir
configure:4402: gcc -o conftest -g -O2   conftest.c -lrt -lcrypt  >&5
configure:4402: $? = 0
configure:4419: result: none required
configure:4529: checking for ranlib
configure:4545: found /usr/bin/ranlib
configure:4556: result: ranlib
configure:4580: checking for uid_t in sys/types.h
configure:4599: result: yes
configure:4610: checking for int64_t
configure:4610: gcc -c -g -O2  conftest.c >&5
configure:4610: $? = 0
configure:4610: gcc -c -g -O2  conftest.c >&5
conftest.c: In function 'main':
conftest.c:79:53: warning: integer overflow in expression [-Woverflow]
    < (int64_t) (((((int64_t) 1 << N) << N) - 1) * 2 + 2))];
                                                     ^
conftest.c:78:12: error: storage size of 'test_array' isn't constant
 static int test_array [1 - 2 * !((int64_t) (((((int64_t) 1 << N) << N) - 1) * 2 + 1)
            ^
configure:4610: $? = 1
configure: failed program was:
| /* confdefs.h */
| #define PACKAGE_NAME "sthttpd"
| #define PACKAGE_TARNAME "sthttpd"
| #define PACKAGE_VERSION "2.26.4"
| #define PACKAGE_STRING "sthttpd 2.26.4"
| #define PACKAGE_BUGREPORT "http://opensource.dyc.edu/bugzilla3"
| #define PACKAGE_URL ""
| #define PACKAGE "sthttpd"
| #define VERSION "2.26.4"
| #define HAVE_LIBCRYPT 1
| #define HAVE_LIBRT 1
| #define STDC_HEADERS 1
| #define HAVE_SYS_TYPES_H 1
| #define HAVE_SYS_STAT_H 1
| #define HAVE_STDLIB_H 1
| #define HAVE_STRING_H 1
| #define HAVE_MEMORY_H 1
| #define HAVE_STRINGS_H 1
| #define HAVE_INTTYPES_H 1
| #define HAVE_STDINT_H 1
| #define HAVE_UNISTD_H 1
| #define HAVE_ARPA_INET_H 1
| #define HAVE_FCNTL_H 1
| #define HAVE_GRP_H 1
| #define HAVE_MEMORY_H 1
| #define HAVE_NETDB_H 1
| #define HAVE_NETINET_IN_H 1
| #define HAVE_PATHS_H 1
| #define HAVE_POLL_H 1
| #define HAVE_STDLIB_H 1
| #define HAVE_STRING_H 1
| #define HAVE_SYS_PARAM_H 1
| #define HAVE_SYS_POLL_H 1
| #define HAVE_SYS_SOCKET_H 1
| #define HAVE_SYS_TIME_H 1
| #define HAVE_SYSLOG_H 1
| #define HAVE_UNISTD_H 1
| #define TIME_WITH_SYS_TIME 1
| #define HAVE_DIRENT_H 1
| /* end confdefs.h.  */
| #include <stdio.h>
| #ifdef HAVE_SYS_TYPES_H
| # include <sys/types.h>
| #endif
| #ifdef HAVE_SYS_STAT_H
| # include <sys/stat.h>
| #endif
| #ifdef STDC_HEADERS
| # include <stdlib.h>
| # include <stddef.h>
| #else
| # ifdef HAVE_STDLIB_H
| #  include <stdlib.h>
| # endif
| #endif
| #ifdef HAVE_STRING_H
| # if !defined STDC_HEADERS && defined HAVE_MEMORY_H
| #  include <memory.h>
| # endif
| # include <string.h>
| #endif
| #ifdef HAVE_STRINGS_H
| # include <strings.h>
| #endif
| #ifdef HAVE_INTTYPES_H
| # include <inttypes.h>
| #endif
| #ifdef HAVE_STDINT_H
| # include <stdint.h>
| #endif
| #ifdef HAVE_UNISTD_H
| # include <unistd.h>
| #endif
| 	        enum { N = 64 / 2 - 1 };
| int
| main ()
| {
| static int test_array [1 - 2 * !((int64_t) (((((int64_t) 1 << N) << N) - 1) * 2 + 1)
| 		 < (int64_t) (((((int64_t) 1 << N) << N) - 1) * 2 + 2))];
| test_array [0] = 0
| 
|   ;
|   return 0;
| }
configure:4610: result: yes
configure:4621: checking for off_t
configure:4621: gcc -c -g -O2  conftest.c >&5
configure:4621: $? = 0
configure:4621: gcc -c -g -O2  conftest.c >&5
conftest.c: In function 'main':
conftest.c:77:20: error: expected expression before ')' token
 if (sizeof ((off_t)))
                    ^
configure:4621: $? = 1
configure: failed program was:
| /* confdefs.h */
| #define PACKAGE_NAME "sthttpd"
| #define PACKAGE_TARNAME "sthttpd"
| #define PACKAGE_VERSION "2.26.4"
| #define PACKAGE_STRING "sthttpd 2.26.4"
| #define PACKAGE_BUGREPORT "http://opensource.dyc.edu/bugzilla3"
| #define PACKAGE_URL ""
| #define PACKAGE "sthttpd"
| #define VERSION "2.26.4"
| #define HAVE_LIBCRYPT 1
| #define HAVE_LIBRT 1
| #define STDC_HEADERS 1
| #define HAVE_SYS_TYPES_H 1
| #define HAVE_SYS_STAT_H 1
| #define HAVE_STDLIB_H 1
| #define HAVE_STRING_H 1
| #define HAVE_MEMORY_H 1
| #define HAVE_STRINGS_H 1
| #define HAVE_INTTYPES_H 1
| #define HAVE_STDINT_H 1
| #define HAVE_UNISTD_H 1
| #define HAVE_ARPA_INET_H 1
| #define HAVE_FCNTL_H 1
| #define HAVE_GRP_H 1
| #define HAVE_MEMORY_H 1
| #define HAVE_NETDB_H 1
| #define HAVE_NETINET_IN_H 1
| #define HAVE_PATHS_H 1
| #define HAVE_POLL_H 1
| #define HAVE_STDLIB_H 1
| #define HAVE_STRING_H 1
| #define HAVE_SYS_PARAM_H 1
| #define HAVE_SYS_POLL_H 1
| #define HAVE_SYS_SOCKET_H 1
| #define HAVE_SYS_TIME_H 1
| #define HAVE_SYSLOG_H 1
| #define HAVE_UNISTD_H 1
| #define TIME_WITH_SYS_TIME 1
| #define HAVE_DIRENT_H 1
| /* end confdefs.h.  */
| #include <stdio.h>
| #ifdef HAVE_SYS_TYPES_H
| # include <sys/types.h>
| #endif
| #ifdef HAVE_SYS_STAT_H
| # include <sys/stat.h>
| #endif
| #ifdef STDC_HEADERS
| # include <stdlib.h>
| # include <stddef.h>
| #else
| # ifdef HAVE_STDLIB_H
| #  include <stdlib.h>
| # endif
| #endif
| #ifdef HAVE_STRING_H
| # if !defined STDC_HEADERS && defined HAVE_MEMORY_H
| #  include <memory.h>
| # endif
| # include <string.h>
| #endif
| #ifdef HAVE_STRINGS_H
| # include <strings.h>
| #endif
| #ifdef HAVE_INTTYPES_H
| # include <inttypes.h>
| #endif
| #ifdef HAVE_STDINT_H
| # include <stdint.h>
| #endif
| #ifdef HAVE_UNISTD_H
| # include <unistd.h>
| #endif
| int
| main ()
| {
| if (sizeof ((off_t)))
| 	    return 0;
|   ;
|   return 0;
| }
configure:4621: result: yes
configure:4632: checking for pid_t
configure:4632: gcc -c -g -O2  conftest.c >&5
configure:4632: $? = 0
configure:4632: gcc -c -g -O2  conftest.c >&5
conftest.c: In function 'main':
conftest.c:77:20: error: expected expression before ')' token
 if (sizeof ((pid_t)))
                    ^
configure:4632: $? = 1
configure: failed program was:
| /* confdefs.h */
| #define PACKAGE_NAME "sthttpd"
| #define PACKAGE_TARNAME "sthttpd"
| #define PACKAGE_VERSION "2.26.4"
| #define PACKAGE_STRING "sthttpd 2.26.4"
| #define PACKAGE_BUGREPORT "http://opensource.dyc.edu/bugzilla3"
| #define PACKAGE_URL ""
| #define PACKAGE "sthttpd"
| #define VERSION "2.26.4"
| #define HAVE_LIBCRYPT 1
| #define HAVE_LIBRT 1
| #define STDC_HEADERS 1
| #define HAVE_SYS_TYPES_H 1
| #define HAVE_SYS_STAT_H 1
| #define HAVE_STDLIB_H 1
| #define HAVE_STRING_H 1
| #define HAVE_MEMORY_H 1
| #define HAVE_STRINGS_H 1
| #define HAVE_INTTYPES_H 1
| #define HAVE_STDINT_H 1
| #define HAVE_UNISTD_H 1
| #define HAVE_ARPA_INET_H 1
| #define HAVE_FCNTL_H 1
| #define HAVE_GRP_H 1
| #define HAVE_MEMORY_H 1
| #define HAVE_NETDB_H 1
| #define HAVE_NETINET_IN_H 1
| #define HAVE_PATHS_H 1
| #define HAVE_POLL_H 1
| #define HAVE_STDLIB_H 1
| #define HAVE_STRING_H 1
| #define HAVE_SYS_PARAM_H 1
| #define HAVE_SYS_POLL_H 1
| #define HAVE_SYS_SOCKET_H 1
| #define HAVE_SYS_TIME_H 1
| #define HAVE_SYSLOG_H 1
| #define HAVE_UNISTD_H 1
| #define TIME_WITH_SYS_TIME 1
| #define HAVE_DIRENT_H 1
| /* end confdefs.h.  */
| #include <stdio.h>
| #ifdef HAVE_SYS_TYPES_H
| # include <sys/types.h>
| #endif
| #ifdef HAVE_SYS_STAT_H
| # include <sys/stat.h>
| #endif
| #ifdef STDC_HEADERS
| # include <stdlib.h>
| # include <stddef.h>
| #else
| # ifdef HAVE_STDLIB_H
| #  include <stdlib.h>
| # endif
| #endif
| #ifdef HAVE_STRING_H
| # if !defined STDC_HEADERS && defined HAVE_MEMORY_H
| #  include <memory.h>
| # endif
| # include <string.h>
| #endif
| #ifdef HAVE_STRINGS_H
| # include <strings.h>
| #endif
| #ifdef HAVE_INTTYPES_H
| # include <inttypes.h>
| #endif
| #ifdef HAVE_STDINT_H
| # include <stdint.h>
| #endif
| #ifdef HAVE_UNISTD_H
| # include <unistd.h>
| #endif
| int
| main ()
| {
| if (sizeof ((pid_t)))
| 	    return 0;
|   ;
|   return 0;
| }
configure:4632: result: yes
configure:4643: checking for size_t
configure:4643: gcc -c -g -O2  conftest.c >&5
configure:4643: $? = 0
configure:4643: gcc -c -g -O2  conftest.c >&5
conftest.c: In function 'main':
conftest.c:77:21: error: expected expression before ')' token
 if (sizeof ((size_t)))
                     ^
configure:4643: $? = 1
configure: failed program was:
| /* confdefs.h */
| #define PACKAGE_NAME "sthttpd"
| #define PACKAGE_TARNAME "sthttpd"
| #define PACKAGE_VERSION "2.26.4"
| #define PACKAGE_STRING "sthttpd 2.26.4"
| #define PACKAGE_BUGREPORT "http://opensource.dyc.edu/bugzilla3"
| #define PACKAGE_URL ""
| #define PACKAGE "sthttpd"
| #define VERSION "2.26.4"
| #define HAVE_LIBCRYPT 1
| #define HAVE_LIBRT 1
| #define STDC_HEADERS 1
| #define HAVE_SYS_TYPES_H 1
| #define HAVE_SYS_STAT_H 1
| #define HAVE_STDLIB_H 1
| #define HAVE_STRING_H 1
| #define HAVE_MEMORY_H 1
| #define HAVE_STRINGS_H 1
| #define HAVE_INTTYPES_H 1
| #define HAVE_STDINT_H 1
| #define HAVE_UNISTD_H 1
| #define HAVE_ARPA_INET_H 1
| #define HAVE_FCNTL_H 1
| #define HAVE_GRP_H 1
| #define HAVE_MEMORY_H 1
| #define HAVE_NETDB_H 1
| #define HAVE_NETINET_IN_H 1
| #define HAVE_PATHS_H 1
| #define HAVE_POLL_H 1
| #define HAVE_STDLIB_H 1
| #define HAVE_STRING_H 1
| #define HAVE_SYS_PARAM_H 1
| #define HAVE_SYS_POLL_H 1
| #define HAVE_SYS_SOCKET_H 1
| #define HAVE_SYS_TIME_H 1
| #define HAVE_SYSLOG_H 1
| #define HAVE_UNISTD_H 1
| #define TIME_WITH_SYS_TIME 1
| #define HAVE_DIRENT_H 1
| /* end confdefs.h.  */
| #include <stdio.h>
| #ifdef HAVE_SYS_TYPES_H
| # include <sys/types.h>
| #endif
| #ifdef HAVE_SYS_STAT_H
| # include <sys/stat.h>
| #endif
| #ifdef STDC_HEADERS
| # include <stdlib.h>
| # include <stddef.h>
| #else
| # ifdef HAVE_STDLIB_H
| #  include <stdlib.h>
| # endif
| #endif
| #ifdef HAVE_STRING_H
| # if !defined STDC_HEADERS && defined HAVE_MEMORY_H
| #  include <memory.h>
| # endif
| # include <string.h>
| #endif
| #ifdef HAVE_STRINGS_H
| # include <strings.h>
| #endif
| #ifdef HAVE_INTTYPES_H
| # include <inttypes.h>
| #endif
| #ifdef HAVE_STDINT_H
| # include <stdint.h>
| #endif
| #ifdef HAVE_UNISTD_H
| # include <unistd.h>
| #endif
| int
| main ()
| {
| if (sizeof ((size_t)))
| 	    return 0;
|   ;
|   return 0;
| }
configure:4643: result: yes
configure:4654: checking for ssize_t
configure:4654: gcc -c -g -O2  conftest.c >&5
configure:4654: $? = 0
configure:4654: gcc -c -g -O2  conftest.c >&5
conftest.c: In function 'main':
conftest.c:77:22: error: expected expression before ')' token
 if (sizeof ((ssize_t)))
                      ^
configure:4654: $? = 1
configure: failed program was:
| /* confdefs.h */
| #define PACKAGE_NAME "sthttpd"
| #define PACKAGE_TARNAME "sthttpd"
| #define PACKAGE_VERSION "2.26.4"
| #define PACKAGE_STRING "sthttpd 2.26.4"
| #define PACKAGE_BUGREPORT "http://opensource.dyc.edu/bugzilla3"
| #define PACKAGE_URL ""
| #define PACKAGE "sthttpd"
| #define VERSION "2.26.4"
| #define HAVE_LIBCRYPT 1
| #define HAVE_LIBRT 1
| #define STDC_HEADERS 1
| #define HAVE_SYS_TYPES_H 1
| #define HAVE_SYS_STAT_H 1
| #define HAVE_STDLIB_H 1
| #define HAVE_STRING_H 1
| #define HAVE_MEMORY_H 1
| #define HAVE_STRINGS_H 1
| #define HAVE_INTTYPES_H 1
| #define HAVE_STDINT_H 1
| #define HAVE_UNISTD_H 1
| #define HAVE_ARPA_INET_H 1
| #define HAVE_FCNTL_H 1
| #define HAVE_GRP_H 1
| #define HAVE_MEMORY_H 1
| #define HAVE_NETDB_H 1
| #define HAVE_NETINET_IN_H 1
| #define HAVE_PATHS_H 1
| #define HAVE_POLL_H 1
| #define HAVE_STDLIB_H 1
| #define HAVE_STRING_H 1
| #define HAVE_SYS_PARAM_H 1
| #define HAVE_SYS_POLL_H 1
| #define HAVE_SYS_SOCKET_H 1
| #define HAVE_SYS_TIME_H 1
| #define HAVE_SYSLOG_H 1
| #define HAVE_UNISTD_H 1
| #define TIME_WITH_SYS_TIME 1
| #define HAVE_DIRENT_H 1
| /* end confdefs.h.  */
| #include <stdio.h>
| #ifdef HAVE_SYS_TYPES_H
| # include <sys/types.h>
| #endif
| #ifdef HAVE_SYS_STAT_H
| # include <sys/stat.h>
| #endif
| #ifdef STDC_HEADERS
| # include <stdlib.h>
| # include <stddef.h>
| #else
| # ifdef HAVE_STDLIB_H
| #  include <stdlib.h>
| # endif
| #endif
| #ifdef HAVE_STRING_H
| # if !defined STDC_HEADERS && defined HAVE_MEMORY_H
| #  include <memory.h>
| # endif
| # include <string.h>
| #endif
| #ifdef HAVE_STRINGS_H
| # include <strings.h>
| #endif
| #ifdef HAVE_INTTYPES_H
| # include <inttypes.h>
| #endif
| #ifdef HAVE_STDINT_H
| # include <stdint.h>
| #endif
| #ifdef HAVE_UNISTD_H
| # include <unistd.h>
| #endif
| int
| main ()
| {
| if (sizeof ((ssize_t)))
| 	    return 0;
|   ;
|   return 0;
| }
configure:4654: result: yes
configure:4669: checking for unistd.h
configure:4669: result: yes
configure:4679: checking for working chown
configure:4712: gcc -o conftest -g -O2   conftest.c -lrt -lcrypt  >&5
configure:4712: $? = 0
configure:4712: ./conftest
configure:4712: $? = 0
configure:4724: result: yes
configure:4734: checking vfork.h usability
configure:4734: gcc -c -g -O2  conftest.c >&5
conftest.c:76:19: fatal error: vfork.h: No such file or directory
 #include <vfork.h>
                   ^
compilation terminated.
configure:4734: $? = 1
configure: failed program was:
| /* confdefs.h */
| #define PACKAGE_NAME "sthttpd"
| #define PACKAGE_TARNAME "sthttpd"
| #define PACKAGE_VERSION "2.26.4"
| #define PACKAGE_STRING "sthttpd 2.26.4"
| #define PACKAGE_BUGREPORT "http://opensource.dyc.edu/bugzilla3"
| #define PACKAGE_URL ""
| #define PACKAGE "sthttpd"
| #define VERSION "2.26.4"
| #define HAVE_LIBCRYPT 1
| #define HAVE_LIBRT 1
| #define STDC_HEADERS 1
| #define HAVE_SYS_TYPES_H 1
| #define HAVE_SYS_STAT_H 1
| #define HAVE_STDLIB_H 1
| #define HAVE_STRING_H 1
| #define HAVE_MEMORY_H 1
| #define HAVE_STRINGS_H 1
| #define HAVE_INTTYPES_H 1
| #define HAVE_STDINT_H 1
| #define HAVE_UNISTD_H 1
| #define HAVE_ARPA_INET_H 1
| #define HAVE_FCNTL_H 1
| #define HAVE_GRP_H 1
| #define HAVE_MEMORY_H 1
| #define HAVE_NETDB_H 1
| #define HAVE_NETINET_IN_H 1
| #define HAVE_PATHS_H 1
| #define HAVE_POLL_H 1
| #define HAVE_STDLIB_H 1
| #define HAVE_STRING_H 1
| #define HAVE_SYS_PARAM_H 1
| #define HAVE_SYS_POLL_H 1
| #define HAVE_SYS_SOCKET_H 1
| #define HAVE_SYS_TIME_H 1
| #define HAVE_SYSLOG_H 1
| #define HAVE_UNISTD_H 1
| #define TIME_WITH_SYS_TIME 1
| #define HAVE_DIRENT_H 1
| #define HAVE_UNISTD_H 1
| #define HAVE_CHOWN 1
| /* end confdefs.h.  */
| #include <stdio.h>
| #ifdef HAVE_SYS_TYPES_H
| # include <sys/types.h>
| #endif
| #ifdef HAVE_SYS_STAT_H
| # include <sys/stat.h>
| #endif
| #ifdef STDC_HEADERS
| # include <stdlib.h>
| # include <stddef.h>
| #else
| # ifdef HAVE_STDLIB_H
| #  include <stdlib.h>
| # endif
| #endif
| #ifdef HAVE_STRING_H
| # if !defined STDC_HEADERS && defined HAVE_MEMORY_H
| #  include <memory.h>
| # endif
| # include <string.h>
| #endif
| #ifdef HAVE_STRINGS_H
| # include <strings.h>
| #endif
| #ifdef HAVE_INTTYPES_H
| # include <inttypes.h>
| #endif
| #ifdef HAVE_STDINT_H
| # include <stdint.h>
| #endif
| #ifdef HAVE_UNISTD_H
| # include <unistd.h>
| #endif
| #include <vfork.h>
configure:4734: result: no
configure:4734: checking vfork.h presence
configure:4734: gcc -E  conftest.c
conftest.c:43:19: fatal error: vfork.h: No such file or directory
 #include <vfork.h>
                   ^
compilation terminated.
configure:4734: $? = 1
configure: failed program was:
| /* confdefs.h */
| #define PACKAGE_NAME "sthttpd"
| #define PACKAGE_TARNAME "sthttpd"
| #define PACKAGE_VERSION "2.26.4"
| #define PACKAGE_STRING "sthttpd 2.26.4"
| #define PACKAGE_BUGREPORT "http://opensource.dyc.edu/bugzilla3"
| #define PACKAGE_URL ""
| #define PACKAGE "sthttpd"
| #define VERSION "2.26.4"
| #define HAVE_LIBCRYPT 1
| #define HAVE_LIBRT 1
| #define STDC_HEADERS 1
| #define HAVE_SYS_TYPES_H 1
| #define HAVE_SYS_STAT_H 1
| #define HAVE_STDLIB_H 1
| #define HAVE_STRING_H 1
| #define HAVE_MEMORY_H 1
| #define HAVE_STRINGS_H 1
| #define HAVE_INTTYPES_H 1
| #define HAVE_STDINT_H 1
| #define HAVE_UNISTD_H 1
| #define HAVE_ARPA_INET_H 1
| #define HAVE_FCNTL_H 1
| #define HAVE_GRP_H 1
| #define HAVE_MEMORY_H 1
| #define HAVE_NETDB_H 1
| #define HAVE_NETINET_IN_H 1
| #define HAVE_PATHS_H 1
| #define HAVE_POLL_H 1
| #define HAVE_STDLIB_H 1
| #define HAVE_STRING_H 1
| #define HAVE_SYS_PARAM_H 1
| #define HAVE_SYS_POLL_H 1
| #define HAVE_SYS_SOCKET_H 1
| #define HAVE_SYS_TIME_H 1
| #define HAVE_SYSLOG_H 1
| #define HAVE_UNISTD_H 1
| #define TIME_WITH_SYS_TIME 1
| #define HAVE_DIRENT_H 1
| #define HAVE_UNISTD_H 1
| #define HAVE_CHOWN 1
| /* end confdefs.h.  */
| #include <vfork.h>
configure:4734: result: no
configure:4734: checking for vfork.h
configure:4734: result: no
configure:4747: checking for fork
configure:4747: gcc -o conftest -g -O2   conftest.c -lrt -lcrypt  >&5
conftest.c:66:6: warning: conflicting types for built-in function 'fork'
 char fork ();
      ^
configure:4747: $? = 0
configure:4747: result: yes
configure:4747: checking for vfork
configure:4747: gcc -o conftest -g -O2   conftest.c -lrt -lcrypt  >&5
configure:4747: $? = 0
configure:4747: result: yes
configure:4757: checking for working fork
configure:4779: gcc -o conftest -g -O2   conftest.c -lrt -lcrypt  >&5
configure:4779: $? = 0
configure:4779: ./conftest
configure:4779: $? = 0
configure:4789: result: yes
configure:4810: checking for working vfork
configure:4920: result: yes
configure:4945: checking whether lstat correctly handles trailing slash
configure:4971: gcc -o conftest -g -O2   conftest.c -lrt -lcrypt  >&5
configure:4971: $? = 0
configure:4971: ./conftest
configure:4971: $? = 0
configure:4988: result: yes
configure:5009: checking for stdlib.h
configure:5009: result: yes
configure:5019: checking for GNU libc compatible malloc
configure:5043: gcc -o conftest -g -O2   conftest.c -lrt -lcrypt  >&5
configure:5043: $? = 0
configure:5043: ./conftest
configure:5043: $? = 0
configure:5053: result: yes
configure:5080: checking for stdlib.h
configure:5080: result: yes
configure:5080: checking for unistd.h
configure:5080: result: yes
configure:5080: checking for sys/param.h
configure:5080: result: yes
configure:5100: checking for getpagesize
configure:5100: gcc -o conftest -g -O2   conftest.c -lrt -lcrypt  >&5
configure:5100: $? = 0
configure:5100: result: yes
configure:5109: checking for working mmap
configure:5256: gcc -o conftest -g -O2   conftest.c -lrt -lcrypt  >&5
configure:5256: $? = 0
configure:5256: ./conftest
configure:5256: $? = 0
configure:5266: result: yes
configure:5275: checking for wait3 that fills in rusage
configure:5321: gcc -o conftest -g -O2   conftest.c -lrt -lcrypt  >&5
configure:5321: $? = 0
configure:5321: ./conftest
configure:5321: $? = 0
configure:5331: result: yes
configure:5342: checking for alarm
configure:5342: gcc -o conftest -g -O2   conftest.c -lrt -lcrypt  >&5
configure:5342: $? = 0
configure:5342: result: yes
configure:5342: checking for atoll
configure:5342: gcc -o conftest -g -O2   conftest.c -lrt -lcrypt  >&5
configure:5342: $? = 0
configure:5342: result: yes
configure:5342: checking for bzero
configure:5342: gcc -o conftest -g -O2   conftest.c -lrt -lcrypt  >&5
conftest.c:81:6: warning: conflicting types for built-in function 'bzero'
 char bzero ();
      ^
configure:5342: $? = 0
configure:5342: result: yes
configure:5342: checking for clock_gettime
configure:5342: gcc -o conftest -g -O2   conftest.c -lrt -lcrypt  >&5
configure:5342: $? = 0
configure:5342: result: yes
configure:5342: checking for daemon
configure:5342: gcc -o conftest -g -O2   conftest.c -lrt -lcrypt  >&5
configure:5342: $? = 0
configure:5342: result: yes
configure:5342: checking for dup2
configure:5342: gcc -o conftest -g -O2   conftest.c -lrt -lcrypt  >&5
configure:5342: $? = 0
configure:5342: result: yes
configure:5342: checking for gai_strerror
configure:5342: gcc -o conftest -g -O2   conftest.c -lrt -lcrypt  >&5
configure:5342: $? = 0
configure:5342: result: yes
configure:5342: checking for getcwd
configure:5342: gcc -o conftest -g -O2   conftest.c -lrt -lcrypt  >&5
configure:5342: $? = 0
configure:5342: result: yes
configure:5342: checking for getaddrinfo
configure:5342: gcc -o conftest -g -O2   conftest.c -lrt -lcrypt  >&5
configure:5342: $? = 0
configure:5342: result: yes
configure:5342: checking for gethostbyname
configure:5342: gcc -o conftest -g -O2   conftest.c -lrt -lcrypt  >&5
configure:5342: $? = 0
configure:5342: result: yes
configure:5342: checking for gethostname
configure:5342: gcc -o conftest -g -O2   conftest.c -lrt -lcrypt  >&5
configure:5342: $? = 0
configure:5342: result: yes
configure:5342: checking for getnameinfo
configure:5342: gcc -o conftest -g -O2   conftest.c -lrt -lcrypt  >&5
configure:5342: $? = 0
configure:5342: result: yes
configure:5342: checking for getpass
configure:5342: gcc -o conftest -g -O2   conftest.c -lrt -lcrypt  >&5
configure:5342: $? = 0
configure:5342: result: yes
configure:5342: checking for gettimeofday
configure:5342: gcc -o conftest -g -O2   conftest.c -lrt -lcrypt  >&5
configure:5342: $? = 0
configure:5342: result: yes
configure:5342: checking for inet_ntoa
configure:5342: gcc -o conftest -g -O2   conftest.c -lrt -lcrypt  >&5
configure:5342: $? = 0
configure:5342: result: yes
configure:5342: checking for kqueue
configure:5342: gcc -o conftest -g -O2   conftest.c -lrt -lcrypt  >&5
/tmp/cckmRAJG.o: In function `main':
/u/cs/ugrad/mckenna/Documents/CS35L/week8/sthttpd-2.26.4/conftest.c:105: undefined reference to `kqueue'
collect2: error: ld returned 1 exit status
configure:5342: $? = 1
configure: failed program was:
| /* confdefs.h */
| #define PACKAGE_NAME "sthttpd"
| #define PACKAGE_TARNAME "sthttpd"
| #define PACKAGE_VERSION "2.26.4"
| #define PACKAGE_STRING "sthttpd 2.26.4"
| #define PACKAGE_BUGREPORT "http://opensource.dyc.edu/bugzilla3"
| #define PACKAGE_URL ""
| #define PACKAGE "sthttpd"
| #define VERSION "2.26.4"
| #define HAVE_LIBCRYPT 1
| #define HAVE_LIBRT 1
| #define STDC_HEADERS 1
| #define HAVE_SYS_TYPES_H 1
| #define HAVE_SYS_STAT_H 1
| #define HAVE_STDLIB_H 1
| #define HAVE_STRING_H 1
| #define HAVE_MEMORY_H 1
| #define HAVE_STRINGS_H 1
| #define HAVE_INTTYPES_H 1
| #define HAVE_STDINT_H 1
| #define HAVE_UNISTD_H 1
| #define HAVE_ARPA_INET_H 1
| #define HAVE_FCNTL_H 1
| #define HAVE_GRP_H 1
| #define HAVE_MEMORY_H 1
| #define HAVE_NETDB_H 1
| #define HAVE_NETINET_IN_H 1
| #define HAVE_PATHS_H 1
| #define HAVE_POLL_H 1
| #define HAVE_STDLIB_H 1
| #define HAVE_STRING_H 1
| #define HAVE_SYS_PARAM_H 1
| #define HAVE_SYS_POLL_H 1
| #define HAVE_SYS_SOCKET_H 1
| #define HAVE_SYS_TIME_H 1
| #define HAVE_SYSLOG_H 1
| #define HAVE_UNISTD_H 1
| #define TIME_WITH_SYS_TIME 1
| #define HAVE_DIRENT_H 1
| #define HAVE_UNISTD_H 1
| #define HAVE_CHOWN 1
| #define HAVE_FORK 1
| #define HAVE_VFORK 1
| #define HAVE_WORKING_VFORK 1
| #define HAVE_WORKING_FORK 1
| #define LSTAT_FOLLOWS_SLASHED_SYMLINK 1
| #define HAVE_STDLIB_H 1
| #define HAVE_MALLOC 1
| #define HAVE_STDLIB_H 1
| #define HAVE_UNISTD_H 1
| #define HAVE_SYS_PARAM_H 1
| #define HAVE_GETPAGESIZE 1
| #define HAVE_MMAP 1
| #define HAVE_WAIT3 1
| #define HAVE_ALARM 1
| #define HAVE_ATOLL 1
| #define HAVE_BZERO 1
| #define HAVE_CLOCK_GETTIME 1
| #define HAVE_DAEMON 1
| #define HAVE_DUP2 1
| #define HAVE_GAI_STRERROR 1
| #define HAVE_GETCWD 1
| #define HAVE_GETADDRINFO 1
| #define HAVE_GETHOSTBYNAME 1
| #define HAVE_GETHOSTNAME 1
| #define HAVE_GETNAMEINFO 1
| #define HAVE_GETPASS 1
| #define HAVE_GETTIMEOFDAY 1
| #define HAVE_INET_NTOA 1
| /* end confdefs.h.  */
| /* Define kqueue to an innocuous variant, in case <limits.h> declares kqueue.
|    For example, HP-UX 11i <limits.h> declares gettimeofday.  */
| #define kqueue innocuous_kqueue
| 
| /* System header to define __stub macros and hopefully few prototypes,
|     which can conflict with char kqueue (); below.
|     Prefer <limits.h> to <assert.h> if __STDC__ is defined, since
|     <limits.h> exists even on freestanding compilers.  */
| 
| #ifdef __STDC__
| # include <limits.h>
| #else
| # include <assert.h>
| #endif
| 
| #undef kqueue
| 
| /* Override any GCC internal prototype to avoid an error.
|    Use char because int might match the return type of a GCC
|    builtin and then its argument prototype would still apply.  */
| #ifdef __cplusplus
| extern "C"
| #endif
| char kqueue ();
| /* The GNU C library defines this for functions which it implements
|     to always fail with ENOSYS.  Some functions are actually named
|     something starting with __ and the normal name is an alias.  */
| #if defined __stub_kqueue || defined __stub___kqueue
| choke me
| #endif
| 
| int
| main ()
| {
| return kqueue ();
|   ;
|   return 0;
| }
configure:5342: result: no
configure:5342: checking for memmove
configure:5342: gcc -o conftest -g -O2   conftest.c -lrt -lcrypt  >&5
conftest.c:94:6: warning: conflicting types for built-in function 'memmove'
 char memmove ();
      ^
configure:5342: $? = 0
configure:5342: result: yes
configure:5342: checking for memset
configure:5342: gcc -o conftest -g -O2   conftest.c -lrt -lcrypt  >&5
conftest.c:95:6: warning: conflicting types for built-in function 'memset'
 char memset ();
      ^
configure:5342: $? = 0
configure:5342: result: yes
configure:5342: checking for mkdir
configure:5342: gcc -o conftest -g -O2   conftest.c -lrt -lcrypt  >&5
configure:5342: $? = 0
configure:5342: result: yes
configure:5342: checking for munmap
configure:5342: gcc -o conftest -g -O2   conftest.c -lrt -lcrypt  >&5
configure:5342: $? = 0
configure:5342: result: yes
configure:5342: checking for poll
configure:5342: gcc -o conftest -g -O2   conftest.c -lrt -lcrypt  >&5
configure:5342: $? = 0
configure:5342: result: yes
configure:5342: checking for select
configure:5342: gcc -o conftest -g -O2   conftest.c -lrt -lcrypt  >&5
configure:5342: $? = 0
configure:5342: result: yes
configure:5342: checking for setlogin
configure:5342: gcc -o conftest -g -O2   conftest.c -lrt -lcrypt  >&5
conftest.c:105:1: error: unknown type name 'choke'
 choke me
 ^
conftest.c:108:1: error: expected '=', ',', ';', 'asm' or '__attribute__' before 'int'
 int
 ^
configure:5342: $? = 1
configure: failed program was:
| /* confdefs.h */
| #define PACKAGE_NAME "sthttpd"
| #define PACKAGE_TARNAME "sthttpd"
| #define PACKAGE_VERSION "2.26.4"
| #define PACKAGE_STRING "sthttpd 2.26.4"
| #define PACKAGE_BUGREPORT "http://opensource.dyc.edu/bugzilla3"
| #define PACKAGE_URL ""
| #define PACKAGE "sthttpd"
| #define VERSION "2.26.4"
| #define HAVE_LIBCRYPT 1
| #define HAVE_LIBRT 1
| #define STDC_HEADERS 1
| #define HAVE_SYS_TYPES_H 1
| #define HAVE_SYS_STAT_H 1
| #define HAVE_STDLIB_H 1
| #define HAVE_STRING_H 1
| #define HAVE_MEMORY_H 1
| #define HAVE_STRINGS_H 1
| #define HAVE_INTTYPES_H 1
| #define HAVE_STDINT_H 1
| #define HAVE_UNISTD_H 1
| #define HAVE_ARPA_INET_H 1
| #define HAVE_FCNTL_H 1
| #define HAVE_GRP_H 1
| #define HAVE_MEMORY_H 1
| #define HAVE_NETDB_H 1
| #define HAVE_NETINET_IN_H 1
| #define HAVE_PATHS_H 1
| #define HAVE_POLL_H 1
| #define HAVE_STDLIB_H 1
| #define HAVE_STRING_H 1
| #define HAVE_SYS_PARAM_H 1
| #define HAVE_SYS_POLL_H 1
| #define HAVE_SYS_SOCKET_H 1
| #define HAVE_SYS_TIME_H 1
| #define HAVE_SYSLOG_H 1
| #define HAVE_UNISTD_H 1
| #define TIME_WITH_SYS_TIME 1
| #define HAVE_DIRENT_H 1
| #define HAVE_UNISTD_H 1
| #define HAVE_CHOWN 1
| #define HAVE_FORK 1
| #define HAVE_VFORK 1
| #define HAVE_WORKING_VFORK 1
| #define HAVE_WORKING_FORK 1
| #define LSTAT_FOLLOWS_SLASHED_SYMLINK 1
| #define HAVE_STDLIB_H 1
| #define HAVE_MALLOC 1
| #define HAVE_STDLIB_H 1
| #define HAVE_UNISTD_H 1
| #define HAVE_SYS_PARAM_H 1
| #define HAVE_GETPAGESIZE 1
| #define HAVE_MMAP 1
| #define HAVE_WAIT3 1
| #define HAVE_ALARM 1
| #define HAVE_ATOLL 1
| #define HAVE_BZERO 1
| #define HAVE_CLOCK_GETTIME 1
| #define HAVE_DAEMON 1
| #define HAVE_DUP2 1
| #define HAVE_GAI_STRERROR 1
| #define HAVE_GETCWD 1
| #define HAVE_GETADDRINFO 1
| #define HAVE_GETHOSTBYNAME 1
| #define HAVE_GETHOSTNAME 1
| #define HAVE_GETNAMEINFO 1
| #define HAVE_GETPASS 1
| #define HAVE_GETTIMEOFDAY 1
| #define HAVE_INET_NTOA 1
| #define HAVE_MEMMOVE 1
| #define HAVE_MEMSET 1
| #define HAVE_MKDIR 1
| #define HAVE_MUNMAP 1
| #define HAVE_POLL 1
| #define HAVE_SELECT 1
| /* end confdefs.h.  */
| /* Define setlogin to an innocuous variant, in case <limits.h> declares setlogin.
|    For example, HP-UX 11i <limits.h> declares gettimeofday.  */
| #define setlogin innocuous_setlogin
| 
| /* System header to define __stub macros and hopefully few prototypes,
|     which can conflict with char setlogin (); below.
|     Prefer <limits.h> to <assert.h> if __STDC__ is defined, since
|     <limits.h> exists even on freestanding compilers.  */
| 
| #ifdef __STDC__
| # include <limits.h>
| #else
| # include <assert.h>
| #endif
| 
| #undef setlogin
| 
| /* Override any GCC internal prototype to avoid an error.
|    Use char because int might match the return type of a GCC
|    builtin and then its argument prototype would still apply.  */
| #ifdef __cplusplus
| extern "C"
| #endif
| char setlogin ();
| /* The GNU C library defines this for functions which it implements
|     to always fail with ENOSYS.  Some functions are actually named
|     something starting with __ and the normal name is an alias.  */
| #if defined __stub_setlogin || defined __stub___setlogin
| choke me
| #endif
| 
| int
| main ()
| {
| return setlogin ();
|   ;
|   return 0;
| }
configure:5342: result: no
configure:5342: checking for setsid
configure:5342: gcc -o conftest -g -O2   conftest.c -lrt -lcrypt  >&5
configure:5342: $? = 0
configure:5342: result: yes
configure:5342: checking for sigset
configure:5342: gcc -o conftest -g -O2   conftest.c -lrt -lcrypt  >&5
configure:5342: $? = 0
configure:5342: result: yes
configure:5342: checking for socket
configure:5342: gcc -o conftest -g -O2   conftest.c -lrt -lcrypt  >&5
configure:5342: $? = 0
configure:5342: result: yes
configure:5342: checking for strcasecmp
configure:5342: gcc -o conftest -g -O2   conftest.c -lrt -lcrypt  >&5
conftest.c:103:6: warning: conflicting types for built-in function 'strcasecmp'
 char strcasecmp ();
      ^
configure:5342: $? = 0
configure:5342: result: yes
configure:5342: checking for strchr
configure:5342: gcc -o conftest -g -O2   conftest.c -lrt -lcrypt  >&5
conftest.c:104:6: warning: conflicting types for built-in function 'strchr'
 char strchr ();
      ^
configure:5342: $? = 0
configure:5342: result: yes
configure:5342: checking for strcspn
configure:5342: gcc -o conftest -g -O2   conftest.c -lrt -lcrypt  >&5
conftest.c:105:6: warning: conflicting types for built-in function 'strcspn'
 char strcspn ();
      ^
configure:5342: $? = 0
configure:5342: result: yes
configure:5342: checking for strdup
configure:5342: gcc -o conftest -g -O2   conftest.c -lrt -lcrypt  >&5
conftest.c:106:6: warning: conflicting types for built-in function 'strdup'
 char strdup ();
      ^
configure:5342: $? = 0
configure:5342: result: yes
configure:5342: checking for strerror
configure:5342: gcc -o conftest -g -O2   conftest.c -lrt -lcrypt  >&5
configure:5342: $? = 0
configure:5342: result: yes
configure:5342: checking for strncasecmp
configure:5342: gcc -o conftest -g -O2   conftest.c -lrt -lcrypt  >&5
conftest.c:108:6: warning: conflicting types for built-in function 'strncasecmp'
 char strncasecmp ();
      ^
configure:5342: $? = 0
configure:5342: result: yes
configure:5342: checking for strpbrk
configure:5342: gcc -o conftest -g -O2   conftest.c -lrt -lcrypt  >&5
conftest.c:109:6: warning: conflicting types for built-in function 'strpbrk'
 char strpbrk ();
      ^
configure:5342: $? = 0
configure:5342: result: yes
configure:5342: checking for strrchr
configure:5342: gcc -o conftest -g -O2   conftest.c -lrt -lcrypt  >&5
conftest.c:110:6: warning: conflicting types for built-in function 'strrchr'
 char strrchr ();
      ^
configure:5342: $? = 0
configure:5342: result: yes
configure:5342: checking for strspn
configure:5342: gcc -o conftest -g -O2   conftest.c -lrt -lcrypt  >&5
conftest.c:111:6: warning: conflicting types for built-in function 'strspn'
 char strspn ();
      ^
configure:5342: $? = 0
configure:5342: result: yes
configure:5342: checking for strstr
configure:5342: gcc -o conftest -g -O2   conftest.c -lrt -lcrypt  >&5
conftest.c:112:6: warning: conflicting types for built-in function 'strstr'
 char strstr ();
      ^
configure:5342: $? = 0
configure:5342: result: yes
configure:5342: checking for tzset
configure:5342: gcc -o conftest -g -O2   conftest.c -lrt -lcrypt  >&5
configure:5342: $? = 0
configure:5342: result: yes
configure:5342: checking for vsnprintf
configure:5342: gcc -o conftest -g -O2   conftest.c -lrt -lcrypt  >&5
conftest.c:114:6: warning: conflicting types for built-in function 'vsnprintf'
 char vsnprintf ();
      ^
configure:5342: $? = 0
configure:5342: result: yes
configure:5342: checking for waitpid
configure:5342: gcc -o conftest -g -O2   conftest.c -lrt -lcrypt  >&5
configure:5342: $? = 0
configure:5342: result: yes
configure:5491: creating ./config.status

## ---------------------- ##
## Running config.status. ##
## ---------------------- ##

This file was extended by sthttpd config.status 2.26.4, which was
generated by GNU Autoconf 2.68.  Invocation command line was

  CONFIG_FILES    = 
  CONFIG_HEADERS  = 
  CONFIG_LINKS    = 
  CONFIG_COMMANDS = 
  $ ./config.status 

on lnxsrv04.seas.ucla.edu

config.status:939: creating Makefile
config.status:939: creating docs/Makefile
config.status:939: creating extras/Makefile
config.status:939: creating scripts/Makefile
config.status:939: creating src/Makefile
config.status:939: creating www/Makefile
config.status:939: creating www/cgi-bin/Makefile
config.status:939: creating config.h
config.status:1120: config.h is unchanged
config.status:1168: executing depfiles commands

## ---------------- ##
## Cache variables. ##
## ---------------- ##

ac_cv_c_compiler_gnu=yes
ac_cv_c_int64_t=yes
ac_cv_env_CC_set=
ac_cv_env_CC_value=
ac_cv_env_CFLAGS_set=
ac_cv_env_CFLAGS_value=
ac_cv_env_CPPFLAGS_set=
ac_cv_env_CPPFLAGS_value=
ac_cv_env_CPP_set=
ac_cv_env_CPP_value=
ac_cv_env_LDFLAGS_set=
ac_cv_env_LDFLAGS_value=
ac_cv_env_LIBS_set=
ac_cv_env_LIBS_value=
ac_cv_env_WEBDIR_set=
ac_cv_env_WEBDIR_value=
ac_cv_env_build_alias_set=
ac_cv_env_build_alias_value=
ac_cv_env_host_alias_set=
ac_cv_env_host_alias_value=
ac_cv_env_target_alias_set=
ac_cv_env_target_alias_value=
ac_cv_func_alarm=yes
ac_cv_func_atoll=yes
ac_cv_func_bzero=yes
ac_cv_func_chown_works=yes
ac_cv_func_clock_gettime=yes
ac_cv_func_daemon=yes
ac_cv_func_dup2=yes
ac_cv_func_fork=yes
ac_cv_func_fork_works=yes
ac_cv_func_gai_strerror=yes
ac_cv_func_getaddrinfo=yes
ac_cv_func_getcwd=yes
ac_cv_func_gethostbyname=yes
ac_cv_func_gethostname=yes
ac_cv_func_getnameinfo=yes
ac_cv_func_getpagesize=yes
ac_cv_func_getpass=yes
ac_cv_func_gettimeofday=yes
ac_cv_func_inet_ntoa=yes
ac_cv_func_kqueue=no
ac_cv_func_lstat_dereferences_slashed_symlink=yes
ac_cv_func_malloc_0_nonnull=yes
ac_cv_func_memmove=yes
ac_cv_func_memset=yes
ac_cv_func_mkdir=yes
ac_cv_func_mmap_fixed_mapped=yes
ac_cv_func_munmap=yes
ac_cv_func_poll=yes
ac_cv_func_select=yes
ac_cv_func_setlogin=no
ac_cv_func_setsid=yes
ac_cv_func_sigset=yes
ac_cv_func_socket=yes
ac_cv_func_strcasecmp=yes
ac_cv_func_strchr=yes
ac_cv_func_strcspn=yes
ac_cv_func_strdup=yes
ac_cv_func_strerror=yes
ac_cv_func_strncasecmp=yes
ac_cv_func_strpbrk=yes
ac_cv_func_strrchr=yes
ac_cv_func_strspn=yes
ac_cv_func_strstr=yes
ac_cv_func_tzset=yes
ac_cv_func_vfork=yes
ac_cv_func_vfork_works=yes
ac_cv_func_vsnprintf=yes
ac_cv_func_wait3_rusage=yes
ac_cv_func_waitpid=yes
ac_cv_header_arpa_inet_h=yes
ac_cv_header_dirent_dirent_h=yes
ac_cv_header_fcntl_h=yes
ac_cv_header_grp_h=yes
ac_cv_header_inttypes_h=yes
ac_cv_header_memory_h=yes
ac_cv_header_netdb_h=yes
ac_cv_header_netinet_in_h=yes
ac_cv_header_osreldate_h=no
ac_cv_header_paths_h=yes
ac_cv_header_poll_h=yes
ac_cv_header_stdc=yes
ac_cv_header_stdint_h=yes
ac_cv_header_stdlib_h=yes
ac_cv_header_string_h=yes
ac_cv_header_strings_h=yes
ac_cv_header_sys_devpoll_h=no
ac_cv_header_sys_event_h=no
ac_cv_header_sys_param_h=yes
ac_cv_header_sys_poll_h=yes
ac_cv_header_sys_socket_h=yes
ac_cv_header_sys_stat_h=yes
ac_cv_header_sys_time_h=yes
ac_cv_header_sys_types_h=yes
ac_cv_header_syslog_h=yes
ac_cv_header_time=yes
ac_cv_header_unistd_h=yes
ac_cv_header_vfork_h=no
ac_cv_lib_crypt_crypt=yes
ac_cv_lib_hstrerror_resolv=no
ac_cv_lib_rt_clock_gettime=yes
ac_cv_objext=o
ac_cv_path_EGREP='/usr/local/cs/bin/grep -E'
ac_cv_path_GREP=/usr/local/cs/bin/grep
ac_cv_path_install='/usr/local/cs/bin/install -c'
ac_cv_path_mkdir=/usr/local/cs/bin/mkdir
ac_cv_prog_AWK=gawk
ac_cv_prog_CPP='gcc -E'
ac_cv_prog_ac_ct_CC=gcc
ac_cv_prog_ac_ct_RANLIB=ranlib
ac_cv_prog_cc_c89=
ac_cv_prog_cc_g=yes
ac_cv_prog_make_make_set=yes
ac_cv_search_opendir='none required'
ac_cv_type_off_t=yes
ac_cv_type_pid_t=yes
ac_cv_type_size_t=yes
ac_cv_type_ssize_t=yes
ac_cv_type_uid_t=yes
am_cv_CC_dependencies_compiler_type=gcc3

## ----------------- ##
## Output variables. ##
## ----------------- ##

ACLOCAL='${SHELL} /u/cs/ugrad/mckenna/Documents/CS35L/week8/sthttpd-2.26.4/missing --run aclocal-1.11'
AMDEPBACKSLASH='\'
AMDEP_FALSE='#'
AMDEP_TRUE=''
AMTAR='${SHELL} /u/cs/ugrad/mckenna/Documents/CS35L/week8/sthttpd-2.26.4/missing --run tar'
AUTOCONF='${SHELL} /u/cs/ugrad/mckenna/Documents/CS35L/week8/sthttpd-2.26.4/missing --run autoconf'
AUTOHEADER='${SHELL} /u/cs/ugrad/mckenna/Documents/CS35L/week8/sthttpd-2.26.4/missing --run autoheader'
AUTOMAKE='${SHELL} /u/cs/ugrad/mckenna/Documents/CS35L/week8/sthttpd-2.26.4/missing --run automake-1.11'
AWK='gawk'
CC='gcc'
CCDEPMODE='depmode=gcc3'
CFLAGS='-g -O2'
CPP='gcc -E'
CPPFLAGS=''
CYGPATH_W='echo'
DEFS='-DHAVE_CONFIG_H'
DEPDIR='.deps'
ECHO_C=''
ECHO_N='-n'
ECHO_T=''
EGREP='/usr/local/cs/bin/grep -E'
EXEEXT=''
GREP='/usr/local/cs/bin/grep'
INSTALL_DATA='${INSTALL} -m 644'
INSTALL_PROGRAM='${INSTALL}'
INSTALL_SCRIPT='${INSTALL}'
INSTALL_STRIP_PROGRAM='$(install_sh) -c -s'
LDFLAGS=''
LIBOBJS=''
LIBS='-lrt -lcrypt '
LTLIBOBJS=''
MAKEINFO='${SHELL} /u/cs/ugrad/mckenna/Documents/CS35L/week8/sthttpd-2.26.4/missing --run makeinfo'
MKDIR_P='/usr/local/cs/bin/mkdir -p'
OBJEXT='o'
PACKAGE='sthttpd'
PACKAGE_BUGREPORT='http://opensource.dyc.edu/bugzilla3'
PACKAGE_NAME='sthttpd'
PACKAGE_STRING='sthttpd 2.26.4'
PACKAGE_TARNAME='sthttpd'
PACKAGE_URL=''
PACKAGE_VERSION='2.26.4'
PATH_SEPARATOR=':'
RANLIB='ranlib'
SET_MAKE=''
SHELL='/bin/sh'
STRIP=''
VERSION='2.26.4'
WEBDIR='/usr/local/www'
ac_ct_CC='gcc'
am__EXEEXT_FALSE=''
am__EXEEXT_TRUE='#'
am__fastdepCC_FALSE='#'
am__fastdepCC_TRUE=''
am__include='include'
am__isrc=''
am__leading_dot='.'
am__quote=''
am__tar='${AMTAR} chof - "$$tardir"'
am__untar='${AMTAR} xf -'
bindir='${exec_prefix}/bin'
build_alias=''
datadir='${datarootdir}'
datarootdir='${prefix}/share'
docdir='${datarootdir}/doc/${PACKAGE_TARNAME}'
dvidir='${docdir}'
exec_prefix='${prefix}'
host_alias=''
htmldir='${docdir}'
includedir='${prefix}/include'
infodir='${datarootdir}/info'
install_sh='${SHELL} /u/cs/ugrad/mckenna/Documents/CS35L/week8/sthttpd-2.26.4/install-sh'
libdir='${exec_prefix}/lib'
libexecdir='${exec_prefix}/libexec'
localedir='${datarootdir}/locale'
localstatedir='${prefix}/var'
mandir='${datarootdir}/man'
mkdir_p='/usr/local/cs/bin/mkdir -p'
oldincludedir='/usr/include'
pdfdir='${docdir}'
prefix='/usr/local'
program_transform_name='s,x,x,'
psdir='${docdir}'
sbindir='${exec_prefix}/sbin'
sharedstatedir='${prefix}/com'
sysconfdir='${prefix}/etc'
target_alias=''

## ----------- ##
## confdefs.h. ##
## ----------- ##

/* confdefs.h */
#define PACKAGE_NAME "sthttpd"
#define PACKAGE_TARNAME "sthttpd"
#define PACKAGE_VERSION "2.26.4"
#define PACKAGE_STRING "sthttpd 2.26.4"
#define PACKAGE_BUGREPORT "http://opensource.dyc.edu/bugzilla3"
#define PACKAGE_URL ""
#define PACKAGE "sthttpd"
#define VERSION "2.26.4"
#define HAVE_LIBCRYPT 1
#define HAVE_LIBRT 1
#define STDC_HEADERS 1
#define HAVE_SYS_TYPES_H 1
#define HAVE_SYS_STAT_H 1
#define HAVE_STDLIB_H 1
#define HAVE_STRING_H 1
#define HAVE_MEMORY_H 1
#define HAVE_STRINGS_H 1
#define HAVE_INTTYPES_H 1
#define HAVE_STDINT_H 1
#define HAVE_UNISTD_H 1
#define HAVE_ARPA_INET_H 1
#define HAVE_FCNTL_H 1
#define HAVE_GRP_H 1
#define HAVE_MEMORY_H 1
#define HAVE_NETDB_H 1
#define HAVE_NETINET_IN_H 1
#define HAVE_PATHS_H 1
#define HAVE_POLL_H 1
#define HAVE_STDLIB_H 1
#define HAVE_STRING_H 1
#define HAVE_SYS_PARAM_H 1
#define HAVE_SYS_POLL_H 1
#define HAVE_SYS_SOCKET_H 1
#define HAVE_SYS_TIME_H 1
#define HAVE_SYSLOG_H 1
#define HAVE_UNISTD_H 1
#define TIME_WITH_SYS_TIME 1
#define HAVE_DIRENT_H 1
#define HAVE_UNISTD_H 1
#define HAVE_CHOWN 1
#define HAVE_FORK 1
#define HAVE_VFORK 1
#define HAVE_WORKING_VFORK 1
#define HAVE_WORKING_FORK 1
#define LSTAT_FOLLOWS_SLASHED_SYMLINK 1
#define HAVE_STDLIB_H 1
#define HAVE_MALLOC 1
#define HAVE_STDLIB_H 1
#define HAVE_UNISTD_H 1
#define HAVE_SYS_PARAM_H 1
#define HAVE_GETPAGESIZE 1
#define HAVE_MMAP 1
#define HAVE_WAIT3 1
#define HAVE_ALARM 1
#define HAVE_ATOLL 1
#define HAVE_BZERO 1
#define HAVE_CLOCK_GETTIME 1
#define HAVE_DAEMON 1
#define HAVE_DUP2 1
#define HAVE_GAI_STRERROR 1
#define HAVE_GETCWD 1
#define HAVE_GETADDRINFO 1
#define HAVE_GETHOSTBYNAME 1
#define HAVE_GETHOSTNAME 1
#define HAVE_GETNAMEINFO 1
#define HAVE_GETPASS 1
#define HAVE_GETTIMEOFDAY 1
#define HAVE_INET_NTOA 1
#define HAVE_MEMMOVE 1
#define HAVE_MEMSET 1
#define HAVE_MKDIR 1
#define HAVE_MUNMAP 1
#define HAVE_POLL 1
#define HAVE_SELECT 1
#define HAVE_SETSID 1
#define HAVE_SIGSET 1
#define HAVE_SOCKET 1
#define HAVE_STRCASECMP 1
#define HAVE_STRCHR 1
#define HAVE_STRCSPN 1
#define HAVE_STRDUP 1
#define HAVE_STRERROR 1
#define HAVE_STRNCASECMP 1
#define HAVE_STRPBRK 1
#define HAVE_STRRCHR 1
#define HAVE_STRSPN 1
#define HAVE_STRSTR 1
#define HAVE_TZSET 1
#define HAVE_VSNPRINTF 1
#define HAVE_WAITPID 1

configure: exit 0
